<?xml version="1.0" encoding="UTF-8"?>
<coverage generated="1780858603353" clover="3.2.0">
  <project timestamp="1780858603353" name="All files">
    <metrics statements="96" coveredstatements="93" conditionals="38" coveredconditionals="34" methods="13" coveredmethods="13" elements="147" coveredelements="140" complexity="0" loc="96" ncloc="96" packages="1" files="2" classes="2"/>
    <file name="lock.ts" path="C:\Users\Cosmos\Desktop\small-points-service\src\lock.ts">
      <metrics statements="15" coveredstatements="15" conditionals="1" coveredconditionals="1" methods="3" coveredmethods="3"/>
      <line num="5" count="1" type="stmt"/>
      <line num="6" count="16" type="stmt"/>
      <line num="14" count="33" type="stmt"/>
      <line num="15" count="33" type="stmt"/>
      <line num="18" count="33" type="stmt"/>
      <line num="19" count="33" type="stmt"/>
      <line num="21" count="33" type="stmt"/>
      <line num="22" count="33" type="stmt"/>
      <line num="29" count="1" type="stmt"/>
      <line num="30" count="18" type="stmt"/>
      <line num="37" count="33" type="stmt"/>
      <line num="38" count="33" type="cond" truecount="1" falsecount="0"/>
      <line num="39" count="16" type="stmt"/>
      <line num="40" count="16" type="stmt"/>
      <line num="42" count="33" type="stmt"/>
    </file>
    <file name="wallet.service.ts" path="C:\Users\Cosmos\Desktop\small-points-service\src\wallet.service.ts">
      <metrics statements="81" coveredstatements="78" conditionals="37" coveredconditionals="33" methods="10" coveredmethods="10"/>
      <line num="2" count="1" type="stmt"/>
      <line num="4" count="1" type="stmt"/>
      <line num="5" count="18" type="stmt"/>
      <line num="6" count="18" type="stmt"/>
      <line num="9" count="18" type="stmt"/>
      <line num="12" count="18" type="stmt"/>
      <line num="14" count="18" type="stmt"/>
      <line num="20" count="33" type="stmt"/>
      <line num="21" count="33" type="cond" truecount="1" falsecount="0"/>
      <line num="22" count="16" type="stmt"/>
      <line num="23" count="16" type="stmt"/>
      <line num="25" count="33" type="stmt"/>
      <line num="37" count="37" type="cond" truecount="4" falsecount="0"/>
      <line num="38" count="1" type="stmt"/>
      <line num="40" count="36" type="cond" truecount="4" falsecount="0"/>
      <line num="41" count="1" type="stmt"/>
      <line num="45" count="35" type="stmt"/>
      <line num="46" count="35" type="cond" truecount="1" falsecount="0"/>
      <line num="47" count="4" type="cond" truecount="2" falsecount="0"/>
      <line num="48" count="2" type="stmt"/>
      <line num="50" count="2" type="stmt"/>
      <line num="55" count="31" type="cond" truecount="1" falsecount="0"/>
      <line num="56" count="1" type="stmt"/>
      <line num="58" count="30" type="stmt"/>
      <line num="60" count="30" type="stmt"/>
      <line num="62" count="30" type="stmt"/>
      <line num="63" count="30" type="stmt"/>
      <line num="65" count="30" type="stmt"/>
      <line num="66" count="30" type="cond" truecount="0" falsecount="1"/>
      <line num="67" count="0" type="cond" truecount="0" falsecount="2"/>
      <line num="68" count="0" type="stmt"/>
      <line num="70" count="0" type="stmt"/>
      <line num="74" count="30" type="stmt"/>
      <line num="75" count="30" type="stmt"/>
      <line num="77" count="25" type="stmt"/>
      <line num="78" count="25" type="stmt"/>
      <line num="80" count="5" type="cond" truecount="1" falsecount="1"/>
      <line num="82" count="5" type="stmt"/>
      <line num="83" count="5" type="stmt"/>
      <line num="86" count="30" type="stmt"/>
      <line num="90" count="30" type="stmt"/>
      <line num="101" count="23" type="cond" truecount="3" falsecount="0"/>
      <line num="102" count="3" type="stmt"/>
      <line num="105" count="20" type="stmt"/>
      <line num="106" count="16" type="stmt"/>
      <line num="107" count="16" type="stmt"/>
      <line num="109" count="16" type="stmt"/>
      <line num="117" count="16" type="stmt"/>
      <line num="119" count="16" type="stmt"/>
      <line num="130" count="17" type="cond" truecount="3" falsecount="0"/>
      <line num="131" count="3" type="stmt"/>
      <line num="134" count="14" type="stmt"/>
      <line num="135" count="11" type="stmt"/>
      <line num="136" count="11" type="cond" truecount="1" falsecount="0"/>
      <line num="137" count="4" type="stmt"/>
      <line num="140" count="7" type="stmt"/>
      <line num="142" count="7" type="stmt"/>
      <line num="150" count="7" type="stmt"/>
      <line num="152" count="7" type="stmt"/>
      <line num="164" count="9" type="cond" truecount="3" falsecount="0"/>
      <line num="165" count="3" type="stmt"/>
      <line num="167" count="6" type="cond" truecount="4" falsecount="0"/>
      <line num="168" count="3" type="stmt"/>
      <line num="171" count="3" type="stmt"/>
      <line num="172" count="3" type="stmt"/>
      <line num="173" count="3" type="cond" truecount="1" falsecount="0"/>
      <line num="174" count="1" type="stmt"/>
      <line num="178" count="2" type="stmt"/>
      <line num="180" count="2" type="stmt"/>
      <line num="181" count="2" type="stmt"/>
      <line num="183" count="2" type="stmt"/>
      <line num="192" count="2" type="stmt"/>
      <line num="194" count="2" type="stmt"/>
      <line num="203" count="5" type="cond" truecount="4" falsecount="0"/>
      <line num="204" count="2" type="stmt"/>
      <line num="207" count="3" type="stmt"/>
      <line num="208" count="3" type="stmt"/>
      <line num="209" count="3" type="stmt"/>
      <line num="210" count="3" type="stmt"/>
      <line num="212" count="3" type="stmt"/>
      <line num="220" count="5" type="stmt"/>
    </file>
  </project>
</coverage>
