{"C:\\Users\\Cosmos\\Desktop\\small-points-service\\src\\lock.ts": {"path":"C:\\Users\\Cosmos\\Desktop\\small-points-service\\src\\lock.ts","statementMap":{"0":{"start":{"line":6,"column":33},"end":{"line":6,"column":50}},"1":{"start":{"line":14,"column":17},"end":{"line":16,"column":6}},"2":{"start":{"line":15,"column":6},"end":{"line":15,"column":24}},"3":{"start":{"line":18,"column":20},"end":{"line":18,"column":30}},"4":{"start":{"line":19,"column":4},"end":{"line":19,"column":22}},"5":{"start":{"line":21,"column":4},"end":{"line":21,"column":18}},"6":{"start":{"line":22,"column":4},"end":{"line":22,"column":20}},"7":{"start":{"line":5,"column":0},"end":{"line":5,"column":13}},"8":{"start":{"line":30,"column":18},"end":{"line":30,"column":45}},"9":{"start":{"line":37,"column":15},"end":{"line":37,"column":37}},"10":{"start":{"line":38,"column":4},"end":{"line":41,"column":5}},"11":{"start":{"line":39,"column":6},"end":{"line":39,"column":28}},"12":{"start":{"line":40,"column":6},"end":{"line":40,"column":35}},"13":{"start":{"line":42,"column":4},"end":{"line":42,"column":26}},"14":{"start":{"line":29,"column":0},"end":{"line":29,"column":13}}},"fnMap":{"0":{"name":"(anonymous_0)","decl":{"start":{"line":12,"column":2},"end":{"line":12,"column":7}},"loc":{"start":{"line":12,"column":15},"end":{"line":23,"column":3}}},"1":{"name":"(anonymous_1)","decl":{"start":{"line":14,"column":35},"end":{"line":14,"column":36}},"loc":{"start":{"line":14,"column":47},"end":{"line":16,"column":5}}},"2":{"name":"(anonymous_2)","decl":{"start":{"line":36,"column":2},"end":{"line":36,"column":7}},"loc":{"start":{"line":36,"column":30},"end":{"line":43,"column":3}}}},"branchMap":{"0":{"loc":{"start":{"line":38,"column":4},"end":{"line":41,"column":5}},"type":"if","locations":[{"start":{"line":38,"column":4},"end":{"line":41,"column":5}}]}},"s":{"0":16,"1":33,"2":33,"3":33,"4":33,"5":33,"6":33,"7":1,"8":18,"9":33,"10":33,"11":16,"12":16,"13":33,"14":1},"f":{"0":33,"1":33,"2":33},"b":{"0":[16]}}
,"C:\\Users\\Cosmos\\Desktop\\small-points-service\\src\\wallet.service.ts": {"path":"C:\\Users\\Cosmos\\Desktop\\small-points-service\\src\\wallet.service.ts","statementMap":{"0":{"start":{"line":2,"column":0},"end":{"line":2,"column":43}},"1":{"start":{"line":5,"column":20},"end":{"line":5,"column":45}},"2":{"start":{"line":6,"column":34},"end":{"line":6,"column":36}},"3":{"start":{"line":9,"column":30},"end":{"line":9,"column":114}},"4":{"start":{"line":12,"column":28},"end":{"line":12,"column":45}},"5":{"start":{"line":14,"column":24},"end":{"line":14,"column":47}},"6":{"start":{"line":20,"column":17},"end":{"line":20,"column":41}},"7":{"start":{"line":21,"column":4},"end":{"line":24,"column":5}},"8":{"start":{"line":22,"column":6},"end":{"line":22,"column":53}},"9":{"start":{"line":23,"column":6},"end":{"line":23,"column":39}},"10":{"start":{"line":25,"column":4},"end":{"line":25,"column":18}},"11":{"start":{"line":37,"column":4},"end":{"line":39,"column":5}},"12":{"start":{"line":38,"column":6},"end":{"line":38,"column":68}},"13":{"start":{"line":40,"column":4},"end":{"line":42,"column":5}},"14":{"start":{"line":41,"column":6},"end":{"line":41,"column":71}},"15":{"start":{"line":45,"column":19},"end":{"line":45,"column":56}},"16":{"start":{"line":46,"column":4},"end":{"line":52,"column":5}},"17":{"start":{"line":47,"column":6},"end":{"line":51,"column":7}},"18":{"start":{"line":48,"column":8},"end":{"line":48,"column":30}},"19":{"start":{"line":50,"column":8},"end":{"line":50,"column":46}},"20":{"start":{"line":55,"column":4},"end":{"line":57,"column":5}},"21":{"start":{"line":56,"column":6},"end":{"line":56,"column":77}},"22":{"start":{"line":58,"column":4},"end":{"line":58,"column":40}},"23":{"start":{"line":60,"column":4},"end":{"line":91,"column":5}},"24":{"start":{"line":62,"column":22},"end":{"line":62,"column":60}},"25":{"start":{"line":63,"column":6},"end":{"line":87,"column":7}},"26":{"start":{"line":65,"column":29},"end":{"line":65,"column":66}},"27":{"start":{"line":66,"column":8},"end":{"line":72,"column":9}},"28":{"start":{"line":67,"column":10},"end":{"line":71,"column":11}},"29":{"start":{"line":68,"column":12},"end":{"line":68,"column":40}},"30":{"start":{"line":70,"column":12},"end":{"line":70,"column":56}},"31":{"start":{"line":74,"column":8},"end":{"line":84,"column":9}},"32":{"start":{"line":75,"column":25},"end":{"line":75,"column":42}},"33":{"start":{"line":77,"column":10},"end":{"line":77,"column":75}},"34":{"start":{"line":78,"column":10},"end":{"line":78,"column":24}},"35":{"start":{"line":80,"column":22},"end":{"line":80,"column":61}},"36":{"start":{"line":82,"column":10},"end":{"line":82,"column":87}},"37":{"start":{"line":83,"column":10},"end":{"line":83,"column":20}},"38":{"start":{"line":86,"column":8},"end":{"line":86,"column":18}},"39":{"start":{"line":90,"column":6},"end":{"line":90,"column":45}},"40":{"start":{"line":101,"column":4},"end":{"line":103,"column":5}},"41":{"start":{"line":102,"column":6},"end":{"line":102,"column":68}},"42":{"start":{"line":105,"column":4},"end":{"line":120,"column":7}},"43":{"start":{"line":106,"column":21},"end":{"line":106,"column":51}},"44":{"start":{"line":107,"column":6},"end":{"line":107,"column":30}},"45":{"start":{"line":109,"column":30},"end":{"line":116,"column":8}},"46":{"start":{"line":117,"column":6},"end":{"line":117,"column":27}},"47":{"start":{"line":119,"column":6},"end":{"line":119,"column":95}},"48":{"start":{"line":130,"column":4},"end":{"line":132,"column":5}},"49":{"start":{"line":131,"column":6},"end":{"line":131,"column":69}},"50":{"start":{"line":134,"column":4},"end":{"line":153,"column":7}},"51":{"start":{"line":135,"column":21},"end":{"line":135,"column":51}},"52":{"start":{"line":136,"column":6},"end":{"line":138,"column":7}},"53":{"start":{"line":137,"column":8},"end":{"line":137,"column":55}},"54":{"start":{"line":140,"column":6},"end":{"line":140,"column":30}},"55":{"start":{"line":142,"column":30},"end":{"line":149,"column":8}},"56":{"start":{"line":150,"column":6},"end":{"line":150,"column":27}},"57":{"start":{"line":152,"column":6},"end":{"line":152,"column":95}},"58":{"start":{"line":164,"column":4},"end":{"line":166,"column":5}},"59":{"start":{"line":165,"column":6},"end":{"line":165,"column":70}},"60":{"start":{"line":167,"column":4},"end":{"line":169,"column":5}},"61":{"start":{"line":168,"column":6},"end":{"line":168,"column":56}},"62":{"start":{"line":171,"column":4},"end":{"line":195,"column":7}},"63":{"start":{"line":172,"column":21},"end":{"line":172,"column":51}},"64":{"start":{"line":173,"column":6},"end":{"line":175,"column":7}},"65":{"start":{"line":174,"column":8},"end":{"line":174,"column":70}},"66":{"start":{"line":178,"column":26},"end":{"line":178,"column":51}},"67":{"start":{"line":180,"column":6},"end":{"line":180,"column":30}},"68":{"start":{"line":181,"column":6},"end":{"line":181,"column":40}},"69":{"start":{"line":183,"column":30},"end":{"line":191,"column":8}},"70":{"start":{"line":192,"column":6},"end":{"line":192,"column":27}},"71":{"start":{"line":194,"column":6},"end":{"line":194,"column":95}},"72":{"start":{"line":203,"column":4},"end":{"line":205,"column":5}},"73":{"start":{"line":204,"column":6},"end":{"line":204,"column":68}},"74":{"start":{"line":207,"column":20},"end":{"line":207,"column":58}},"75":{"start":{"line":208,"column":4},"end":{"line":213,"column":5}},"76":{"start":{"line":209,"column":21},"end":{"line":209,"column":51}},"77":{"start":{"line":210,"column":6},"end":{"line":210,"column":95}},"78":{"start":{"line":212,"column":6},"end":{"line":212,"column":16}},"79":{"start":{"line":220,"column":4},"end":{"line":220,"column":28}},"80":{"start":{"line":4,"column":0},"end":{"line":4,"column":13}}},"fnMap":{"0":{"name":"(anonymous_0)","decl":{"start":{"line":19,"column":10},"end":{"line":19,"column":27}},"loc":{"start":{"line":19,"column":42},"end":{"line":26,"column":3}}},"1":{"name":"(anonymous_1)","decl":{"start":{"line":31,"column":10},"end":{"line":31,"column":15}},"loc":{"start":{"line":34,"column":41},"end":{"line":92,"column":3}}},"2":{"name":"(anonymous_2)","decl":{"start":{"line":100,"column":2},"end":{"line":100,"column":7}},"loc":{"start":{"line":100,"column":63},"end":{"line":121,"column":3}}},"3":{"name":"(anonymous_3)","decl":{"start":{"line":105,"column":51},"end":{"line":105,"column":56}},"loc":{"start":{"line":105,"column":62},"end":{"line":120,"column":5}}},"4":{"name":"(anonymous_4)","decl":{"start":{"line":129,"column":2},"end":{"line":129,"column":7}},"loc":{"start":{"line":129,"column":64},"end":{"line":154,"column":3}}},"5":{"name":"(anonymous_5)","decl":{"start":{"line":134,"column":51},"end":{"line":134,"column":56}},"loc":{"start":{"line":134,"column":62},"end":{"line":153,"column":5}}},"6":{"name":"(anonymous_6)","decl":{"start":{"line":163,"column":2},"end":{"line":163,"column":7}},"loc":{"start":{"line":163,"column":91},"end":{"line":196,"column":3}}},"7":{"name":"(anonymous_7)","decl":{"start":{"line":171,"column":51},"end":{"line":171,"column":56}},"loc":{"start":{"line":171,"column":62},"end":{"line":195,"column":5}}},"8":{"name":"(anonymous_8)","decl":{"start":{"line":202,"column":2},"end":{"line":202,"column":7}},"loc":{"start":{"line":202,"column":32},"end":{"line":214,"column":3}}},"9":{"name":"(anonymous_9)","decl":{"start":{"line":219,"column":2},"end":{"line":219,"column":11}},"loc":{"start":{"line":219,"column":11},"end":{"line":221,"column":3}}}},"branchMap":{"0":{"loc":{"start":{"line":21,"column":4},"end":{"line":24,"column":5}},"type":"if","locations":[{"start":{"line":21,"column":4},"end":{"line":24,"column":5}}]},"1":{"loc":{"start":{"line":37,"column":4},"end":{"line":39,"column":5}},"type":"if","locations":[{"start":{"line":37,"column":4},"end":{"line":39,"column":5}}]},"2":{"loc":{"start":{"line":37,"column":8},"end":{"line":37,"column":69}},"type":"binary-expr","locations":[{"start":{"line":37,"column":8},"end":{"line":37,"column":15}},{"start":{"line":37,"column":19},"end":{"line":37,"column":45}},{"start":{"line":37,"column":49},"end":{"line":37,"column":69}}]},"3":{"loc":{"start":{"line":40,"column":4},"end":{"line":42,"column":5}},"type":"if","locations":[{"start":{"line":40,"column":4},"end":{"line":42,"column":5}}]},"4":{"loc":{"start":{"line":40,"column":8},"end":{"line":40,"column":78}},"type":"binary-expr","locations":[{"start":{"line":40,"column":8},"end":{"line":40,"column":18}},{"start":{"line":40,"column":22},"end":{"line":40,"column":51}},{"start":{"line":40,"column":55},"end":{"line":40,"column":78}}]},"5":{"loc":{"start":{"line":46,"column":4},"end":{"line":52,"column":5}},"type":"if","locations":[{"start":{"line":46,"column":4},"end":{"line":52,"column":5}}]},"6":{"loc":{"start":{"line":47,"column":6},"end":{"line":51,"column":7}},"type":"if","locations":[{"start":{"line":47,"column":6},"end":{"line":51,"column":7}},{"start":{"line":49,"column":13},"end":{"line":51,"column":7}}]},"7":{"loc":{"start":{"line":55,"column":4},"end":{"line":57,"column":5}},"type":"if","locations":[{"start":{"line":55,"column":4},"end":{"line":57,"column":5}}]},"8":{"loc":{"start":{"line":66,"column":8},"end":{"line":72,"column":9}},"type":"if","locations":[{"start":{"line":66,"column":8},"end":{"line":72,"column":9}}]},"9":{"loc":{"start":{"line":67,"column":10},"end":{"line":71,"column":11}},"type":"if","locations":[{"start":{"line":67,"column":10},"end":{"line":71,"column":11}},{"start":{"line":69,"column":17},"end":{"line":71,"column":11}}]},"10":{"loc":{"start":{"line":80,"column":22},"end":{"line":80,"column":61}},"type":"binary-expr","locations":[{"start":{"line":80,"column":22},"end":{"line":80,"column":33}},{"start":{"line":80,"column":37},"end":{"line":80,"column":61}}]},"11":{"loc":{"start":{"line":101,"column":4},"end":{"line":103,"column":5}},"type":"if","locations":[{"start":{"line":101,"column":4},"end":{"line":103,"column":5}}]},"12":{"loc":{"start":{"line":101,"column":8},"end":{"line":101,"column":48}},"type":"binary-expr","locations":[{"start":{"line":101,"column":8},"end":{"line":101,"column":19}},{"start":{"line":101,"column":23},"end":{"line":101,"column":48}}]},"13":{"loc":{"start":{"line":130,"column":4},"end":{"line":132,"column":5}},"type":"if","locations":[{"start":{"line":130,"column":4},"end":{"line":132,"column":5}}]},"14":{"loc":{"start":{"line":130,"column":8},"end":{"line":130,"column":48}},"type":"binary-expr","locations":[{"start":{"line":130,"column":8},"end":{"line":130,"column":19}},{"start":{"line":130,"column":23},"end":{"line":130,"column":48}}]},"15":{"loc":{"start":{"line":136,"column":6},"end":{"line":138,"column":7}},"type":"if","locations":[{"start":{"line":136,"column":6},"end":{"line":138,"column":7}}]},"16":{"loc":{"start":{"line":164,"column":4},"end":{"line":166,"column":5}},"type":"if","locations":[{"start":{"line":164,"column":4},"end":{"line":166,"column":5}}]},"17":{"loc":{"start":{"line":164,"column":8},"end":{"line":164,"column":48}},"type":"binary-expr","locations":[{"start":{"line":164,"column":8},"end":{"line":164,"column":19}},{"start":{"line":164,"column":23},"end":{"line":164,"column":48}}]},"18":{"loc":{"start":{"line":167,"column":4},"end":{"line":169,"column":5}},"type":"if","locations":[{"start":{"line":167,"column":4},"end":{"line":169,"column":5}}]},"19":{"loc":{"start":{"line":167,"column":8},"end":{"line":167,"column":60}},"type":"binary-expr","locations":[{"start":{"line":167,"column":8},"end":{"line":167,"column":17}},{"start":{"line":167,"column":21},"end":{"line":167,"column":45}},{"start":{"line":167,"column":49},"end":{"line":167,"column":60}}]},"20":{"loc":{"start":{"line":173,"column":6},"end":{"line":175,"column":7}},"type":"if","locations":[{"start":{"line":173,"column":6},"end":{"line":175,"column":7}}]},"21":{"loc":{"start":{"line":203,"column":4},"end":{"line":205,"column":5}},"type":"if","locations":[{"start":{"line":203,"column":4},"end":{"line":205,"column":5}}]},"22":{"loc":{"start":{"line":203,"column":8},"end":{"line":203,"column":69}},"type":"binary-expr","locations":[{"start":{"line":203,"column":8},"end":{"line":203,"column":15}},{"start":{"line":203,"column":19},"end":{"line":203,"column":45}},{"start":{"line":203,"column":49},"end":{"line":203,"column":69}}]}},"s":{"0":1,"1":18,"2":18,"3":18,"4":18,"5":18,"6":33,"7":33,"8":16,"9":16,"10":33,"11":37,"12":1,"13":36,"14":1,"15":35,"16":35,"17":4,"18":2,"19":2,"20":31,"21":1,"22":30,"23":30,"24":30,"25":30,"26":30,"27":30,"28":0,"29":0,"30":0,"31":30,"32":30,"33":25,"34":25,"35":5,"36":5,"37":5,"38":30,"39":30,"40":23,"41":3,"42":20,"43":16,"44":16,"45":16,"46":16,"47":16,"48":17,"49":3,"50":14,"51":11,"52":11,"53":4,"54":7,"55":7,"56":7,"57":7,"58":9,"59":3,"60":6,"61":3,"62":3,"63":3,"64":3,"65":1,"66":2,"67":2,"68":2,"69":2,"70":2,"71":2,"72":5,"73":2,"74":3,"75":3,"76":3,"77":3,"78":3,"79":5,"80":1},"f":{"0":33,"1":37,"2":23,"3":16,"4":17,"5":11,"6":9,"7":3,"8":5,"9":5},"b":{"0":[16],"1":[1],"2":[37,36,36],"3":[1],"4":[36,35,35],"5":[4],"6":[2,2],"7":[1],"8":[0],"9":[0,0],"10":[5,0],"11":[3],"12":[23,21],"13":[3],"14":[17,15],"15":[4],"16":[3],"17":[9,7],"18":[3],"19":[6,4,4],"20":[1],"21":[2],"22":[5,4,4]}}
}
