TN:
SF:src\lock.ts
FN:12,(anonymous_0)
FN:14,(anonymous_1)
FN:36,(anonymous_2)
FNF:3
FNH:3
FNDA:33,(anonymous_0)
FNDA:33,(anonymous_1)
FNDA:33,(anonymous_2)
DA:5,1
DA:6,16
DA:14,33
DA:15,33
DA:18,33
DA:19,33
DA:21,33
DA:22,33
DA:29,1
DA:30,18
DA:37,33
DA:38,33
DA:39,16
DA:40,16
DA:42,33
LF:15
LH:15
BRDA:38,0,0,16
BRF:1
BRH:1
end_of_record
TN:
SF:src\wallet.service.ts
FN:19,(anonymous_0)
FN:31,(anonymous_1)
FN:100,(anonymous_2)
FN:105,(anonymous_3)
FN:129,(anonymous_4)
FN:134,(anonymous_5)
FN:163,(anonymous_6)
FN:171,(anonymous_7)
FN:202,(anonymous_8)
FN:219,(anonymous_9)
FNF:10
FNH:10
FNDA:33,(anonymous_0)
FNDA:37,(anonymous_1)
FNDA:23,(anonymous_2)
FNDA:16,(anonymous_3)
FNDA:17,(anonymous_4)
FNDA:11,(anonymous_5)
FNDA:9,(anonymous_6)
FNDA:3,(anonymous_7)
FNDA:5,(anonymous_8)
FNDA:5,(anonymous_9)
DA:2,1
DA:4,1
DA:5,18
DA:6,18
DA:9,18
DA:12,18
DA:14,18
DA:20,33
DA:21,33
DA:22,16
DA:23,16
DA:25,33
DA:37,37
DA:38,1
DA:40,36
DA:41,1
DA:45,35
DA:46,35
DA:47,4
DA:48,2
DA:50,2
DA:55,31
DA:56,1
DA:58,30
DA:60,30
DA:62,30
DA:63,30
DA:65,30
DA:66,30
DA:67,0
DA:68,0
DA:70,0
DA:74,30
DA:75,30
DA:77,25
DA:78,25
DA:80,5
DA:82,5
DA:83,5
DA:86,30
DA:90,30
DA:101,23
DA:102,3
DA:105,20
DA:106,16
DA:107,16
DA:109,16
DA:117,16
DA:119,16
DA:130,17
DA:131,3
DA:134,14
DA:135,11
DA:136,11
DA:137,4
DA:140,7
DA:142,7
DA:150,7
DA:152,7
DA:164,9
DA:165,3
DA:167,6
DA:168,3
DA:171,3
DA:172,3
DA:173,3
DA:174,1
DA:178,2
DA:180,2
DA:181,2
DA:183,2
DA:192,2
DA:194,2
DA:203,5
DA:204,2
DA:207,3
DA:208,3
DA:209,3
DA:210,3
DA:212,3
DA:220,5
LF:81
LH:78
BRDA:21,0,0,16
BRDA:37,1,0,1
BRDA:37,2,0,37
BRDA:37,2,1,36
BRDA:37,2,2,36
BRDA:40,3,0,1
BRDA:40,4,0,36
BRDA:40,4,1,35
BRDA:40,4,2,35
BRDA:46,5,0,4
BRDA:47,6,0,2
BRDA:47,6,1,2
BRDA:55,7,0,1
BRDA:66,8,0,0
BRDA:67,9,0,0
BRDA:67,9,1,0
BRDA:80,10,0,5
BRDA:80,10,1,0
BRDA:101,11,0,3
BRDA:101,12,0,23
BRDA:101,12,1,21
BRDA:130,13,0,3
BRDA:130,14,0,17
BRDA:130,14,1,15
BRDA:136,15,0,4
BRDA:164,16,0,3
BRDA:164,17,0,9
BRDA:164,17,1,7
BRDA:167,18,0,3
BRDA:167,19,0,6
BRDA:167,19,1,4
BRDA:167,19,2,4
BRDA:173,20,0,1
BRDA:203,21,0,2
BRDA:203,22,0,5
BRDA:203,22,1,4
BRDA:203,22,2,4
BRF:37
BRH:33
end_of_record
